<?xml version="1.0" encoding="UTF-8"?>
<!-- Generated by org.testng.reporters.JUnitReportReporter -->
<testsuite hostname="Meriam" failures="0" tests="1" name="tests.CheckoutAddressTest" time="33.307" errors="0" timestamp="2025-05-11T18:22:47 EEST" skipped="0">
  <testcase classname="tests.CheckoutAddressTest" name="verifyAddressDetailsInCheckout" time="33.307"/>
</testsuite> <!-- tests.CheckoutAddressTest -->
